2017-10-26 12:25:46,783 INFO  [Log] **************************************************************************************** 
2017-10-26 12:25:46,784 INFO  [Log] **************************************************************************************** 
2017-10-26 12:25:46,784 INFO  [Log] $$$$$$$$$$$$$$$$$$$$$                 Login_01       $$$$$$$$$$$$$$$$$$$$$$$$$ 
2017-10-26 12:25:46,784 INFO  [Log] **************************************************************************************** 
2017-10-26 12:25:46,784 INFO  [Log] **************************************************************************************** 
2017-10-26 12:25:50,092 INFO  [Log] Chrome browser started 
2017-10-26 12:25:50,266 INFO  [Log] Navigating to URL 'http://facebook.com' 
2017-10-26 12:25:52,266 INFO  [Log] Navigated to URL - http://facebook.com 
2017-10-26 12:25:52,412 INFO  [Log] Verifying the element 'txt_Username 
2017-10-26 12:25:53,847 INFO  [Log] Entering the text in txt_Username 
2017-10-26 12:25:54,128 INFO  [Log] Verifying the element 'txt_Password 
2017-10-26 12:25:54,914 INFO  [Log] Entering the text in txt_Password 
2017-10-26 12:25:55,117 INFO  [Log] Verifying the element 'btn_Login 
2017-10-26 12:25:55,877 INFO  [Log] Clicking on Webelement btn_Login 
2017-10-26 12:25:57,433 INFO  [Log] Wait for 5 seconds 
2017-10-26 12:25:59,833 INFO  [Log] **************************************************************************************** 
2017-10-26 12:25:59,833 INFO  [Log] **************************************************************************************** 
2017-10-26 12:25:59,833 INFO  [Log] $$$$$$$$$$$$$$$$$$$$$                 Verify_Account       $$$$$$$$$$$$$$$$$$$$$$$$$ 
2017-10-26 12:25:59,833 INFO  [Log] **************************************************************************************** 
2017-10-26 12:25:59,833 INFO  [Log] **************************************************************************************** 
2017-10-26 12:25:59,834 INFO  [Log] Comparing link text 'lnk_custaccount 
2017-10-26 12:26:09,984 ERROR [Log] Link text is not matching with expected value --- no such element: Unable to locate element: {"method":"xpath","selector":"//*[@id="header"]/div[2]/div/div/nav/div[1]/a/span"}
  (Session info: chrome=62.0.3202.62)
  (Driver info: chromedriver=2.33.506120 (e3e53437346286c0bc2d2dc9aa4915ba81d9023f),platform=Windows NT 6.3.9600 x86_64) (WARNING: The server did not provide any stacktrace information)
Command duration or timeout: 10.13 seconds
For documentation on this error, please visit: http://seleniumhq.org/exceptions/no_such_element.html
Build info: version: '3.1.0', revision: 'b94c902', time: '2017-02-16 12:21:31 -0800'
System info: host: 'ANA-DATA', ip: '192.168.1.221', os.name: 'Windows 8.1', os.arch: 'amd64', os.version: '6.3', java.version: '1.8.0_151'
Driver info: org.openqa.selenium.chrome.ChromeDriver
Capabilities [{applicationCacheEnabled=false, rotatable=false, mobileEmulationEnabled=false, networkConnectionEnabled=false, chrome={chromedriverVersion=2.33.506120 (e3e53437346286c0bc2d2dc9aa4915ba81d9023f), userDataDir=C:\Users\ADC_2\AppData\Local\Temp\scoped_dir7636_21893}, takesHeapSnapshot=true, pageLoadStrategy=normal, databaseEnabled=false, handlesAlerts=true, hasTouchScreen=false, version=62.0.3202.62, platform=WIN8_1, browserConnectionEnabled=false, nativeEvents=true, acceptSslCerts=true, locationContextEnabled=true, webStorageEnabled=true, browserName=chrome, takesScreenshot=true, javascriptEnabled=true, cssSelectorsEnabled=true, setWindowRect=true, unexpectedAlertBehaviour=}]
Session ID: a4267e5cf3b46b5e6da87081ff5d1b80
*** Element info: {Using=xpath, value=//*[@id="header"]/div[2]/div/div/nav/div[1]/a/span} 
2017-10-26 12:26:10,046 INFO  [Log] Closing the Browser 
2017-10-26 12:26:11,243 INFO  [Log] Closing the Browser 
